The system is: Linux - 3.13.0-29-generic - x86_64
Compiling the C compiler identification source file "CMakeCCompilerId.c" succeeded.
Compiler: /usr/bin/cc 
Build flags: 
Id flags: 

The output was:
0


Compilation of the C compiler identification source "CMakeCCompilerId.c" produced "a.out"

The C compiler identification is GNU, found in "/home/cmeon/SimplexLP/lib/CMakeFiles/2.8.12.2/CompilerIdC/a.out"

Compiling the CXX compiler identification source file "CMakeCXXCompilerId.cpp" succeeded.
Compiler: /usr/bin/c++ 
Build flags: 
Id flags: 

The output was:
0


Compilation of the CXX compiler identification source "CMakeCXXCompilerId.cpp" produced "a.out"

The CXX compiler identification is GNU, found in "/home/cmeon/SimplexLP/lib/CMakeFiles/2.8.12.2/CompilerIdCXX/a.out"

Determining if the C compiler works passed with the following output:
Change Dir: /home/cmeon/SimplexLP/lib/CMakeFiles/CMakeTmp

Run Build Command:/usr/bin/make "cmTryCompileExec2887531334/fast"
/usr/bin/make -f CMakeFiles/cmTryCompileExec2887531334.dir/build.make CMakeFiles/cmTryCompileExec2887531334.dir/build
make[1]: Entering directory `/home/cmeon/SimplexLP/lib/CMakeFiles/CMakeTmp'
/usr/bin/cmake -E cmake_progress_report /home/cmeon/SimplexLP/lib/CMakeFiles/CMakeTmp/CMakeFiles 1
Building C object CMakeFiles/cmTryCompileExec2887531334.dir/testCCompiler.c.o
/usr/bin/cc    -o CMakeFiles/cmTryCompileExec2887531334.dir/testCCompiler.c.o   -c /home/cmeon/SimplexLP/lib/CMakeFiles/CMakeTmp/testCCompiler.c
Linking C executable cmTryCompileExec2887531334
/usr/bin/cmake -E cmake_link_script CMakeFiles/cmTryCompileExec2887531334.dir/link.txt --verbose=1
/usr/bin/cc       CMakeFiles/cmTryCompileExec2887531334.dir/testCCompiler.c.o  -o cmTryCompileExec2887531334 -rdynamic 
make[1]: Leaving directory `/home/cmeon/SimplexLP/lib/CMakeFiles/CMakeTmp'


Detecting C compiler ABI info compiled with the following output:
Change Dir: /home/cmeon/SimplexLP/lib/CMakeFiles/CMakeTmp

Run Build Command:/usr/bin/make "cmTryCompileExec1754788390/fast"
/usr/bin/make -f CMakeFiles/cmTryCompileExec1754788390.dir/build.make CMakeFiles/cmTryCompileExec1754788390.dir/build
make[1]: Entering directory `/home/cmeon/SimplexLP/lib/CMakeFiles/CMakeTmp'
/usr/bin/cmake -E cmake_progress_report /home/cmeon/SimplexLP/lib/CMakeFiles/CMakeTmp/CMakeFiles 1
Building C object CMakeFiles/cmTryCompileExec1754788390.dir/CMakeCCompilerABI.c.o
/usr/bin/cc    -o CMakeFiles/cmTryCompileExec1754788390.dir/CMakeCCompilerABI.c.o   -c /usr/share/cmake-2.8/Modules/CMakeCCompilerABI.c
Linking C executable cmTryCompileExec1754788390
/usr/bin/cmake -E cmake_link_script CMakeFiles/cmTryCompileExec1754788390.dir/link.txt --verbose=1
/usr/bin/cc     -v CMakeFiles/cmTryCompileExec1754788390.dir/CMakeCCompilerABI.c.o  -o cmTryCompileExec1754788390 -rdynamic  
Using built-in specs.
COLLECT_GCC=/usr/bin/cc
COLLECT_LTO_WRAPPER=/usr/lib/gcc/x86_64-linux-gnu/4.8/lto-wrapper
Target: x86_64-linux-gnu
Configured with: ../src/configure -v --with-pkgversion='Ubuntu 4.8.2-19ubuntu1' --with-bugurl=file:///usr/share/doc/gcc-4.8/README.Bugs --enable-languages=c,c++,java,go,d,fortran,objc,obj-c++ --prefix=/usr --program-suffix=-4.8 --enable-shared --enable-linker-build-id --libexecdir=/usr/lib --without-included-gettext --enable-threads=posix --with-gxx-include-dir=/usr/include/c++/4.8 --libdir=/usr/lib --enable-nls --with-sysroot=/ --enable-clocale=gnu --enable-libstdcxx-debug --enable-libstdcxx-time=yes --enable-gnu-unique-object --disable-libmudflap --enable-plugin --with-system-zlib --disable-browser-plugin --enable-java-awt=gtk --enable-gtk-cairo --with-java-home=/usr/lib/jvm/java-1.5.0-gcj-4.8-amd64/jre --enable-java-home --with-jvm-root-dir=/usr/lib/jvm/java-1.5.0-gcj-4.8-amd64 --with-jvm-jar-dir=/usr/lib/jvm-exports/java-1.5.0-gcj-4.8-amd64 --with-arch-directory=amd64 --with-ecj-jar=/usr/share/java/eclipse-ecj.jar --enable-objc-gc --enable-multiarch --disable-werror --with-arch-32=i686 --with-abi=m64 --with-multilib-list=m32,m64,mx32 --with-tune=generic --enable-checking=release --build=x86_64-linux-gnu --host=x86_64-linux-gnu --target=x86_64-linux-gnu
Thread model: posix
gcc version 4.8.2 (Ubuntu 4.8.2-19ubuntu1) 
COMPILER_PATH=/usr/lib/gcc/x86_64-linux-gnu/4.8/:/usr/lib/gcc/x86_64-linux-gnu/4.8/:/usr/lib/gcc/x86_64-linux-gnu/:/usr/lib/gcc/x86_64-linux-gnu/4.8/:/usr/lib/gcc/x86_64-linux-gnu/
LIBRARY_PATH=/usr/lib/gcc/x86_64-linux-gnu/4.8/:/usr/lib/gcc/x86_64-linux-gnu/4.8/../../../x86_64-linux-gnu/:/usr/lib/gcc/x86_64-linux-gnu/4.8/../../../../lib/:/lib/x86_64-linux-gnu/:/lib/../lib/:/usr/lib/x86_64-linux-gnu/:/usr/lib/../lib/:/usr/lib/gcc/x86_64-linux-gnu/4.8/../../../:/lib/:/usr/lib/
COLLECT_GCC_OPTIONS='-v' '-o' 'cmTryCompileExec1754788390' '-rdynamic' '-mtune=generic' '-march=x86-64'
 /usr/lib/gcc/x86_64-linux-gnu/4.8/collect2 --sysroot=/ --build-id --eh-frame-hdr -m elf_x86_64 --hash-style=gnu --as-needed -export-dynamic -dynamic-linker /lib64/ld-linux-x86-64.so.2 -z relro -o cmTryCompileExec1754788390 /usr/lib/gcc/x86_64-linux-gnu/4.8/../../../x86_64-linux-gnu/crt1.o /usr/lib/gcc/x86_64-linux-gnu/4.8/../../../x86_64-linux-gnu/crti.o /usr/lib/gcc/x86_64-linux-gnu/4.8/crtbegin.o -L/usr/lib/gcc/x86_64-linux-gnu/4.8 -L/usr/lib/gcc/x86_64-linux-gnu/4.8/../../../x86_64-linux-gnu -L/usr/lib/gcc/x86_64-linux-gnu/4.8/../../../../lib -L/lib/x86_64-linux-gnu -L/lib/../lib -L/usr/lib/x86_64-linux-gnu -L/usr/lib/../lib -L/usr/lib/gcc/x86_64-linux-gnu/4.8/../../.. CMakeFiles/cmTryCompileExec1754788390.dir/CMakeCCompilerABI.c.o -lgcc --as-needed -lgcc_s --no-as-needed -lc -lgcc --as-needed -lgcc_s --no-as-needed /usr/lib/gcc/x86_64-linux-gnu/4.8/crtend.o /usr/lib/gcc/x86_64-linux-gnu/4.8/../../../x86_64-linux-gnu/crtn.o
make[1]: Leaving directory `/home/cmeon/SimplexLP/lib/CMakeFiles/CMakeTmp'


Parsed C implicit link information from above output:
  link line regex: [^( *|.*[/\])(ld|([^/\]+-)?ld|collect2)[^/\]*( |$)]
  ignore line: [Change Dir: /home/cmeon/SimplexLP/lib/CMakeFiles/CMakeTmp]
  ignore line: []
  ignore line: [Run Build Command:/usr/bin/make "cmTryCompileExec1754788390/fast"]
  ignore line: [/usr/bin/make -f CMakeFiles/cmTryCompileExec1754788390.dir/build.make CMakeFiles/cmTryCompileExec1754788390.dir/build]
  ignore line: [make[1]: Entering directory `/home/cmeon/SimplexLP/lib/CMakeFiles/CMakeTmp']
  ignore line: [/usr/bin/cmake -E cmake_progress_report /home/cmeon/SimplexLP/lib/CMakeFiles/CMakeTmp/CMakeFiles 1]
  ignore line: [Building C object CMakeFiles/cmTryCompileExec1754788390.dir/CMakeCCompilerABI.c.o]
  ignore line: [/usr/bin/cc    -o CMakeFiles/cmTryCompileExec1754788390.dir/CMakeCCompilerABI.c.o   -c /usr/share/cmake-2.8/Modules/CMakeCCompilerABI.c]
  ignore line: [Linking C executable cmTryCompileExec1754788390]
  ignore line: [/usr/bin/cmake -E cmake_link_script CMakeFiles/cmTryCompileExec1754788390.dir/link.txt --verbose=1]
  ignore line: [/usr/bin/cc     -v CMakeFiles/cmTryCompileExec1754788390.dir/CMakeCCompilerABI.c.o  -o cmTryCompileExec1754788390 -rdynamic  ]
  ignore line: [Using built-in specs.]
  ignore line: [COLLECT_GCC=/usr/bin/cc]
  ignore line: [COLLECT_LTO_WRAPPER=/usr/lib/gcc/x86_64-linux-gnu/4.8/lto-wrapper]
  ignore line: [Target: x86_64-linux-gnu]
  ignore line: [Configured with: ../src/configure -v --with-pkgversion='Ubuntu 4.8.2-19ubuntu1' --with-bugurl=file:///usr/share/doc/gcc-4.8/README.Bugs --enable-languages=c,c++,java,go,d,fortran,objc,obj-c++ --prefix=/usr --program-suffix=-4.8 --enable-shared --enable-linker-build-id --libexecdir=/usr/lib --without-included-gettext --enable-threads=posix --with-gxx-include-dir=/usr/include/c++/4.8 --libdir=/usr/lib --enable-nls --with-sysroot=/ --enable-clocale=gnu --enable-libstdcxx-debug --enable-libstdcxx-time=yes --enable-gnu-unique-object --disable-libmudflap --enable-plugin --with-system-zlib --disable-browser-plugin --enable-java-awt=gtk --enable-gtk-cairo --with-java-home=/usr/lib/jvm/java-1.5.0-gcj-4.8-amd64/jre --enable-java-home --with-jvm-root-dir=/usr/lib/jvm/java-1.5.0-gcj-4.8-amd64 --with-jvm-jar-dir=/usr/lib/jvm-exports/java-1.5.0-gcj-4.8-amd64 --with-arch-directory=amd64 --with-ecj-jar=/usr/share/java/eclipse-ecj.jar --enable-objc-gc --enable-multiarch --disable-werror --with-arch-32=i686 --with-abi=m64 --with-multilib-list=m32,m64,mx32 --with-tune=generic --enable-checking=release --build=x86_64-linux-gnu --host=x86_64-linux-gnu --target=x86_64-linux-gnu]
  ignore line: [Thread model: posix]
  ignore line: [gcc version 4.8.2 (Ubuntu 4.8.2-19ubuntu1) ]
  ignore line: [COMPILER_PATH=/usr/lib/gcc/x86_64-linux-gnu/4.8/:/usr/lib/gcc/x86_64-linux-gnu/4.8/:/usr/lib/gcc/x86_64-linux-gnu/:/usr/lib/gcc/x86_64-linux-gnu/4.8/:/usr/lib/gcc/x86_64-linux-gnu/]
  ignore line: [LIBRARY_PATH=/usr/lib/gcc/x86_64-linux-gnu/4.8/:/usr/lib/gcc/x86_64-linux-gnu/4.8/../../../x86_64-linux-gnu/:/usr/lib/gcc/x86_64-linux-gnu/4.8/../../../../lib/:/lib/x86_64-linux-gnu/:/lib/../lib/:/usr/lib/x86_64-linux-gnu/:/usr/lib/../lib/:/usr/lib/gcc/x86_64-linux-gnu/4.8/../../../:/lib/:/usr/lib/]
  ignore line: [COLLECT_GCC_OPTIONS='-v' '-o' 'cmTryCompileExec1754788390' '-rdynamic' '-mtune=generic' '-march=x86-64']
  link line: [ /usr/lib/gcc/x86_64-linux-gnu/4.8/collect2 --sysroot=/ --build-id --eh-frame-hdr -m elf_x86_64 --hash-style=gnu --as-needed -export-dynamic -dynamic-linker /lib64/ld-linux-x86-64.so.2 -z relro -o cmTryCompileExec1754788390 /usr/lib/gcc/x86_64-linux-gnu/4.8/../../../x86_64-linux-gnu/crt1.o /usr/lib/gcc/x86_64-linux-gnu/4.8/../../../x86_64-linux-gnu/crti.o /usr/lib/gcc/x86_64-linux-gnu/4.8/crtbegin.o -L/usr/lib/gcc/x86_64-linux-gnu/4.8 -L/usr/lib/gcc/x86_64-linux-gnu/4.8/../../../x86_64-linux-gnu -L/usr/lib/gcc/x86_64-linux-gnu/4.8/../../../../lib -L/lib/x86_64-linux-gnu -L/lib/../lib -L/usr/lib/x86_64-linux-gnu -L/usr/lib/../lib -L/usr/lib/gcc/x86_64-linux-gnu/4.8/../../.. CMakeFiles/cmTryCompileExec1754788390.dir/CMakeCCompilerABI.c.o -lgcc --as-needed -lgcc_s --no-as-needed -lc -lgcc --as-needed -lgcc_s --no-as-needed /usr/lib/gcc/x86_64-linux-gnu/4.8/crtend.o /usr/lib/gcc/x86_64-linux-gnu/4.8/../../../x86_64-linux-gnu/crtn.o]
    arg [/usr/lib/gcc/x86_64-linux-gnu/4.8/collect2] ==> ignore
    arg [--sysroot=/] ==> ignore
    arg [--build-id] ==> ignore
    arg [--eh-frame-hdr] ==> ignore
    arg [-m] ==> ignore
    arg [elf_x86_64] ==> ignore
    arg [--hash-style=gnu] ==> ignore
    arg [--as-needed] ==> ignore
    arg [-export-dynamic] ==> ignore
    arg [-dynamic-linker] ==> ignore
    arg [/lib64/ld-linux-x86-64.so.2] ==> ignore
    arg [-zrelro] ==> ignore
    arg [-o] ==> ignore
    arg [cmTryCompileExec1754788390] ==> ignore
    arg [/usr/lib/gcc/x86_64-linux-gnu/4.8/../../../x86_64-linux-gnu/crt1.o] ==> ignore
    arg [/usr/lib/gcc/x86_64-linux-gnu/4.8/../../../x86_64-linux-gnu/crti.o] ==> ignore
    arg [/usr/lib/gcc/x86_64-linux-gnu/4.8/crtbegin.o] ==> ignore
    arg [-L/usr/lib/gcc/x86_64-linux-gnu/4.8] ==> dir [/usr/lib/gcc/x86_64-linux-gnu/4.8]
    arg [-L/usr/lib/gcc/x86_64-linux-gnu/4.8/../../../x86_64-linux-gnu] ==> dir [/usr/lib/gcc/x86_64-linux-gnu/4.8/../../../x86_64-linux-gnu]
    arg [-L/usr/lib/gcc/x86_64-linux-gnu/4.8/../../../../lib] ==> dir [/usr/lib/gcc/x86_64-linux-gnu/4.8/../../../../lib]
    arg [-L/lib/x86_64-linux-gnu] ==> dir [/lib/x86_64-linux-gnu]
    arg [-L/lib/../lib] ==> dir [/lib/../lib]
    arg [-L/usr/lib/x86_64-linux-gnu] ==> dir [/usr/lib/x86_64-linux-gnu]
    arg [-L/usr/lib/../lib] ==> dir [/usr/lib/../lib]
    arg [-L/usr/lib/gcc/x86_64-linux-gnu/4.8/../../..] ==> dir [/usr/lib/gcc/x86_64-linux-gnu/4.8/../../..]
    arg [CMakeFiles/cmTryCompileExec1754788390.dir/CMakeCCompilerABI.c.o] ==> ignore
    arg [-lgcc] ==> lib [gcc]
    arg [--as-needed] ==> ignore
    arg [-lgcc_s] ==> lib [gcc_s]
    arg [--no-as-needed] ==> ignore
    arg [-lc] ==> lib [c]
    arg [-lgcc] ==> lib [gcc]
    arg [--as-needed] ==> ignore
    arg [-lgcc_s] ==> lib [gcc_s]
    arg [--no-as-needed] ==> ignore
    arg [/usr/lib/gcc/x86_64-linux-gnu/4.8/crtend.o] ==> ignore
    arg [/usr/lib/gcc/x86_64-linux-gnu/4.8/../../../x86_64-linux-gnu/crtn.o] ==> ignore
  remove lib [gcc]
  remove lib [gcc_s]
  remove lib [gcc]
  remove lib [gcc_s]
  collapse library dir [/usr/lib/gcc/x86_64-linux-gnu/4.8] ==> [/usr/lib/gcc/x86_64-linux-gnu/4.8]
  collapse library dir [/usr/lib/gcc/x86_64-linux-gnu/4.8/../../../x86_64-linux-gnu] ==> [/usr/lib/x86_64-linux-gnu]
  collapse library dir [/usr/lib/gcc/x86_64-linux-gnu/4.8/../../../../lib] ==> [/usr/lib]
  collapse library dir [/lib/x86_64-linux-gnu] ==> [/lib/x86_64-linux-gnu]
  collapse library dir [/lib/../lib] ==> [/lib]
  collapse library dir [/usr/lib/x86_64-linux-gnu] ==> [/usr/lib/x86_64-linux-gnu]
  collapse library dir [/usr/lib/../lib] ==> [/usr/lib]
  collapse library dir [/usr/lib/gcc/x86_64-linux-gnu/4.8/../../..] ==> [/usr/lib]
  implicit libs: [c]
  implicit dirs: [/usr/lib/gcc/x86_64-linux-gnu/4.8;/usr/lib/x86_64-linux-gnu;/usr/lib;/lib/x86_64-linux-gnu;/lib]
  implicit fwks: []


Determining if the CXX compiler works passed with the following output:
Change Dir: /home/cmeon/SimplexLP/lib/CMakeFiles/CMakeTmp

Run Build Command:/usr/bin/make "cmTryCompileExec2049901591/fast"
/usr/bin/make -f CMakeFiles/cmTryCompileExec2049901591.dir/build.make CMakeFiles/cmTryCompileExec2049901591.dir/build
make[1]: Entering directory `/home/cmeon/SimplexLP/lib/CMakeFiles/CMakeTmp'
/usr/bin/cmake -E cmake_progress_report /home/cmeon/SimplexLP/lib/CMakeFiles/CMakeTmp/CMakeFiles 1
Building CXX object CMakeFiles/cmTryCompileExec2049901591.dir/testCXXCompiler.cxx.o
/usr/bin/c++     -o CMakeFiles/cmTryCompileExec2049901591.dir/testCXXCompiler.cxx.o -c /home/cmeon/SimplexLP/lib/CMakeFiles/CMakeTmp/testCXXCompiler.cxx
Linking CXX executable cmTryCompileExec2049901591
/usr/bin/cmake -E cmake_link_script CMakeFiles/cmTryCompileExec2049901591.dir/link.txt --verbose=1
/usr/bin/c++        CMakeFiles/cmTryCompileExec2049901591.dir/testCXXCompiler.cxx.o  -o cmTryCompileExec2049901591 -rdynamic 
make[1]: Leaving directory `/home/cmeon/SimplexLP/lib/CMakeFiles/CMakeTmp'


Detecting CXX compiler ABI info compiled with the following output:
Change Dir: /home/cmeon/SimplexLP/lib/CMakeFiles/CMakeTmp

Run Build Command:/usr/bin/make "cmTryCompileExec393510104/fast"
/usr/bin/make -f CMakeFiles/cmTryCompileExec393510104.dir/build.make CMakeFiles/cmTryCompileExec393510104.dir/build
make[1]: Entering directory `/home/cmeon/SimplexLP/lib/CMakeFiles/CMakeTmp'
/usr/bin/cmake -E cmake_progress_report /home/cmeon/SimplexLP/lib/CMakeFiles/CMakeTmp/CMakeFiles 1
Building CXX object CMakeFiles/cmTryCompileExec393510104.dir/CMakeCXXCompilerABI.cpp.o
/usr/bin/c++     -o CMakeFiles/cmTryCompileExec393510104.dir/CMakeCXXCompilerABI.cpp.o -c /usr/share/cmake-2.8/Modules/CMakeCXXCompilerABI.cpp
Linking CXX executable cmTryCompileExec393510104
/usr/bin/cmake -E cmake_link_script CMakeFiles/cmTryCompileExec393510104.dir/link.txt --verbose=1
/usr/bin/c++      -v CMakeFiles/cmTryCompileExec393510104.dir/CMakeCXXCompilerABI.cpp.o  -o cmTryCompileExec393510104 -rdynamic  
Using built-in specs.
COLLECT_GCC=/usr/bin/c++
COLLECT_LTO_WRAPPER=/usr/lib/gcc/x86_64-linux-gnu/4.8/lto-wrapper
Target: x86_64-linux-gnu
Configured with: ../src/configure -v --with-pkgversion='Ubuntu 4.8.2-19ubuntu1' --with-bugurl=file:///usr/share/doc/gcc-4.8/README.Bugs --enable-languages=c,c++,java,go,d,fortran,objc,obj-c++ --prefix=/usr --program-suffix=-4.8 --enable-shared --enable-linker-build-id --libexecdir=/usr/lib --without-included-gettext --enable-threads=posix --with-gxx-include-dir=/usr/include/c++/4.8 --libdir=/usr/lib --enable-nls --with-sysroot=/ --enable-clocale=gnu --enable-libstdcxx-debug --enable-libstdcxx-time=yes --enable-gnu-unique-object --disable-libmudflap --enable-plugin --with-system-zlib --disable-browser-plugin --enable-java-awt=gtk --enable-gtk-cairo --with-java-home=/usr/lib/jvm/java-1.5.0-gcj-4.8-amd64/jre --enable-java-home --with-jvm-root-dir=/usr/lib/jvm/java-1.5.0-gcj-4.8-amd64 --with-jvm-jar-dir=/usr/lib/jvm-exports/java-1.5.0-gcj-4.8-amd64 --with-arch-directory=amd64 --with-ecj-jar=/usr/share/java/eclipse-ecj.jar --enable-objc-gc --enable-multiarch --disable-werror --with-arch-32=i686 --with-abi=m64 --with-multilib-list=m32,m64,mx32 --with-tune=generic --enable-checking=release --build=x86_64-linux-gnu --host=x86_64-linux-gnu --target=x86_64-linux-gnu
Thread model: posix
gcc version 4.8.2 (Ubuntu 4.8.2-19ubuntu1) 
COMPILER_PATH=/usr/lib/gcc/x86_64-linux-gnu/4.8/:/usr/lib/gcc/x86_64-linux-gnu/4.8/:/usr/lib/gcc/x86_64-linux-gnu/:/usr/lib/gcc/x86_64-linux-gnu/4.8/:/usr/lib/gcc/x86_64-linux-gnu/
LIBRARY_PATH=/usr/lib/gcc/x86_64-linux-gnu/4.8/:/usr/lib/gcc/x86_64-linux-gnu/4.8/../../../x86_64-linux-gnu/:/usr/lib/gcc/x86_64-linux-gnu/4.8/../../../../lib/:/lib/x86_64-linux-gnu/:/lib/../lib/:/usr/lib/x86_64-linux-gnu/:/usr/lib/../lib/:/usr/lib/gcc/x86_64-linux-gnu/4.8/../../../:/lib/:/usr/lib/
COLLECT_GCC_OPTIONS='-v' '-o' 'cmTryCompileExec393510104' '-rdynamic' '-shared-libgcc' '-mtune=generic' '-march=x86-64'
 /usr/lib/gcc/x86_64-linux-gnu/4.8/collect2 --sysroot=/ --build-id --eh-frame-hdr -m elf_x86_64 --hash-style=gnu --as-needed -export-dynamic -dynamic-linker /lib64/ld-linux-x86-64.so.2 -z relro -o cmTryCompileExec393510104 /usr/lib/gcc/x86_64-linux-gnu/4.8/../../../x86_64-linux-gnu/crt1.o /usr/lib/gcc/x86_64-linux-gnu/4.8/../../../x86_64-linux-gnu/crti.o /usr/lib/gcc/x86_64-linux-gnu/4.8/crtbegin.o -L/usr/lib/gcc/x86_64-linux-gnu/4.8 -L/usr/lib/gcc/x86_64-linux-gnu/4.8/../../../x86_64-linux-gnu -L/usr/lib/gcc/x86_64-linux-gnu/4.8/../../../../lib -L/lib/x86_64-linux-gnu -L/lib/../lib -L/usr/lib/x86_64-linux-gnu -L/usr/lib/../lib -L/usr/lib/gcc/x86_64-linux-gnu/4.8/../../.. CMakeFiles/cmTryCompileExec393510104.dir/CMakeCXXCompilerABI.cpp.o -lstdc++ -lm -lgcc_s -lgcc -lc -lgcc_s -lgcc /usr/lib/gcc/x86_64-linux-gnu/4.8/crtend.o /usr/lib/gcc/x86_64-linux-gnu/4.8/../../../x86_64-linux-gnu/crtn.o
make[1]: Leaving directory `/home/cmeon/SimplexLP/lib/CMakeFiles/CMakeTmp'


Parsed CXX implicit link information from above output:
  link line regex: [^( *|.*[/\])(ld|([^/\]+-)?ld|collect2)[^/\]*( |$)]
  ignore line: [Change Dir: /home/cmeon/SimplexLP/lib/CMakeFiles/CMakeTmp]
  ignore line: []
  ignore line: [Run Build Command:/usr/bin/make "cmTryCompileExec393510104/fast"]
  ignore line: [/usr/bin/make -f CMakeFiles/cmTryCompileExec393510104.dir/build.make CMakeFiles/cmTryCompileExec393510104.dir/build]
  ignore line: [make[1]: Entering directory `/home/cmeon/SimplexLP/lib/CMakeFiles/CMakeTmp']
  ignore line: [/usr/bin/cmake -E cmake_progress_report /home/cmeon/SimplexLP/lib/CMakeFiles/CMakeTmp/CMakeFiles 1]
  ignore line: [Building CXX object CMakeFiles/cmTryCompileExec393510104.dir/CMakeCXXCompilerABI.cpp.o]
  ignore line: [/usr/bin/c++     -o CMakeFiles/cmTryCompileExec393510104.dir/CMakeCXXCompilerABI.cpp.o -c /usr/share/cmake-2.8/Modules/CMakeCXXCompilerABI.cpp]
  ignore line: [Linking CXX executable cmTryCompileExec393510104]
  ignore line: [/usr/bin/cmake -E cmake_link_script CMakeFiles/cmTryCompileExec393510104.dir/link.txt --verbose=1]
  ignore line: [/usr/bin/c++      -v CMakeFiles/cmTryCompileExec393510104.dir/CMakeCXXCompilerABI.cpp.o  -o cmTryCompileExec393510104 -rdynamic  ]
  ignore line: [Using built-in specs.]
  ignore line: [COLLECT_GCC=/usr/bin/c++]
  ignore line: [COLLECT_LTO_WRAPPER=/usr/lib/gcc/x86_64-linux-gnu/4.8/lto-wrapper]
  ignore line: [Target: x86_64-linux-gnu]
  ignore line: [Configured with: ../src/configure -v --with-pkgversion='Ubuntu 4.8.2-19ubuntu1' --with-bugurl=file:///usr/share/doc/gcc-4.8/README.Bugs --enable-languages=c,c++,java,go,d,fortran,objc,obj-c++ --prefix=/usr --program-suffix=-4.8 --enable-shared --enable-linker-build-id --libexecdir=/usr/lib --without-included-gettext --enable-threads=posix --with-gxx-include-dir=/usr/include/c++/4.8 --libdir=/usr/lib --enable-nls --with-sysroot=/ --enable-clocale=gnu --enable-libstdcxx-debug --enable-libstdcxx-time=yes --enable-gnu-unique-object --disable-libmudflap --enable-plugin --with-system-zlib --disable-browser-plugin --enable-java-awt=gtk --enable-gtk-cairo --with-java-home=/usr/lib/jvm/java-1.5.0-gcj-4.8-amd64/jre --enable-java-home --with-jvm-root-dir=/usr/lib/jvm/java-1.5.0-gcj-4.8-amd64 --with-jvm-jar-dir=/usr/lib/jvm-exports/java-1.5.0-gcj-4.8-amd64 --with-arch-directory=amd64 --with-ecj-jar=/usr/share/java/eclipse-ecj.jar --enable-objc-gc --enable-multiarch --disable-werror --with-arch-32=i686 --with-abi=m64 --with-multilib-list=m32,m64,mx32 --with-tune=generic --enable-checking=release --build=x86_64-linux-gnu --host=x86_64-linux-gnu --target=x86_64-linux-gnu]
  ignore line: [Thread model: posix]
  ignore line: [gcc version 4.8.2 (Ubuntu 4.8.2-19ubuntu1) ]
  ignore line: [COMPILER_PATH=/usr/lib/gcc/x86_64-linux-gnu/4.8/:/usr/lib/gcc/x86_64-linux-gnu/4.8/:/usr/lib/gcc/x86_64-linux-gnu/:/usr/lib/gcc/x86_64-linux-gnu/4.8/:/usr/lib/gcc/x86_64-linux-gnu/]
  ignore line: [LIBRARY_PATH=/usr/lib/gcc/x86_64-linux-gnu/4.8/:/usr/lib/gcc/x86_64-linux-gnu/4.8/../../../x86_64-linux-gnu/:/usr/lib/gcc/x86_64-linux-gnu/4.8/../../../../lib/:/lib/x86_64-linux-gnu/:/lib/../lib/:/usr/lib/x86_64-linux-gnu/:/usr/lib/../lib/:/usr/lib/gcc/x86_64-linux-gnu/4.8/../../../:/lib/:/usr/lib/]
  ignore line: [COLLECT_GCC_OPTIONS='-v' '-o' 'cmTryCompileExec393510104' '-rdynamic' '-shared-libgcc' '-mtune=generic' '-march=x86-64']
  link line: [ /usr/lib/gcc/x86_64-linux-gnu/4.8/collect2 --sysroot=/ --build-id --eh-frame-hdr -m elf_x86_64 --hash-style=gnu --as-needed -export-dynamic -dynamic-linker /lib64/ld-linux-x86-64.so.2 -z relro -o cmTryCompileExec393510104 /usr/lib/gcc/x86_64-linux-gnu/4.8/../../../x86_64-linux-gnu/crt1.o /usr/lib/gcc/x86_64-linux-gnu/4.8/../../../x86_64-linux-gnu/crti.o /usr/lib/gcc/x86_64-linux-gnu/4.8/crtbegin.o -L/usr/lib/gcc/x86_64-linux-gnu/4.8 -L/usr/lib/gcc/x86_64-linux-gnu/4.8/../../../x86_64-linux-gnu -L/usr/lib/gcc/x86_64-linux-gnu/4.8/../../../../lib -L/lib/x86_64-linux-gnu -L/lib/../lib -L/usr/lib/x86_64-linux-gnu -L/usr/lib/../lib -L/usr/lib/gcc/x86_64-linux-gnu/4.8/../../.. CMakeFiles/cmTryCompileExec393510104.dir/CMakeCXXCompilerABI.cpp.o -lstdc++ -lm -lgcc_s -lgcc -lc -lgcc_s -lgcc /usr/lib/gcc/x86_64-linux-gnu/4.8/crtend.o /usr/lib/gcc/x86_64-linux-gnu/4.8/../../../x86_64-linux-gnu/crtn.o]
    arg [/usr/lib/gcc/x86_64-linux-gnu/4.8/collect2] ==> ignore
    arg [--sysroot=/] ==> ignore
    arg [--build-id] ==> ignore
    arg [--eh-frame-hdr] ==> ignore
    arg [-m] ==> ignore
    arg [elf_x86_64] ==> ignore
    arg [--hash-style=gnu] ==> ignore
    arg [--as-needed] ==> ignore
    arg [-export-dynamic] ==> ignore
    arg [-dynamic-linker] ==> ignore
    arg [/lib64/ld-linux-x86-64.so.2] ==> ignore
    arg [-zrelro] ==> ignore
    arg [-o] ==> ignore
    arg [cmTryCompileExec393510104] ==> ignore
    arg [/usr/lib/gcc/x86_64-linux-gnu/4.8/../../../x86_64-linux-gnu/crt1.o] ==> ignore
    arg [/usr/lib/gcc/x86_64-linux-gnu/4.8/../../../x86_64-linux-gnu/crti.o] ==> ignore
    arg [/usr/lib/gcc/x86_64-linux-gnu/4.8/crtbegin.o] ==> ignore
    arg [-L/usr/lib/gcc/x86_64-linux-gnu/4.8] ==> dir [/usr/lib/gcc/x86_64-linux-gnu/4.8]
    arg [-L/usr/lib/gcc/x86_64-linux-gnu/4.8/../../../x86_64-linux-gnu] ==> dir [/usr/lib/gcc/x86_64-linux-gnu/4.8/../../../x86_64-linux-gnu]
    arg [-L/usr/lib/gcc/x86_64-linux-gnu/4.8/../../../../lib] ==> dir [/usr/lib/gcc/x86_64-linux-gnu/4.8/../../../../lib]
    arg [-L/lib/x86_64-linux-gnu] ==> dir [/lib/x86_64-linux-gnu]
    arg [-L/lib/../lib] ==> dir [/lib/../lib]
    arg [-L/usr/lib/x86_64-linux-gnu] ==> dir [/usr/lib/x86_64-linux-gnu]
    arg [-L/usr/lib/../lib] ==> dir [/usr/lib/../lib]
    arg [-L/usr/lib/gcc/x86_64-linux-gnu/4.8/../../..] ==> dir [/usr/lib/gcc/x86_64-linux-gnu/4.8/../../..]
    arg [CMakeFiles/cmTryCompileExec393510104.dir/CMakeCXXCompilerABI.cpp.o] ==> ignore
    arg [-lstdc++] ==> lib [stdc++]
    arg [-lm] ==> lib [m]
    arg [-lgcc_s] ==> lib [gcc_s]
    arg [-lgcc] ==> lib [gcc]
    arg [-lc] ==> lib [c]
    arg [-lgcc_s] ==> lib [gcc_s]
    arg [-lgcc] ==> lib [gcc]
    arg [/usr/lib/gcc/x86_64-linux-gnu/4.8/crtend.o] ==> ignore
    arg [/usr/lib/gcc/x86_64-linux-gnu/4.8/../../../x86_64-linux-gnu/crtn.o] ==> ignore
  remove lib [gcc_s]
  remove lib [gcc]
  remove lib [gcc_s]
  remove lib [gcc]
  collapse library dir [/usr/lib/gcc/x86_64-linux-gnu/4.8] ==> [/usr/lib/gcc/x86_64-linux-gnu/4.8]
  collapse library dir [/usr/lib/gcc/x86_64-linux-gnu/4.8/../../../x86_64-linux-gnu] ==> [/usr/lib/x86_64-linux-gnu]
  collapse library dir [/usr/lib/gcc/x86_64-linux-gnu/4.8/../../../../lib] ==> [/usr/lib]
  collapse library dir [/lib/x86_64-linux-gnu] ==> [/lib/x86_64-linux-gnu]
  collapse library dir [/lib/../lib] ==> [/lib]
  collapse library dir [/usr/lib/x86_64-linux-gnu] ==> [/usr/lib/x86_64-linux-gnu]
  collapse library dir [/usr/lib/../lib] ==> [/usr/lib]
  collapse library dir [/usr/lib/gcc/x86_64-linux-gnu/4.8/../../..] ==> [/usr/lib]
  implicit libs: [stdc++;m;c]
  implicit dirs: [/usr/lib/gcc/x86_64-linux-gnu/4.8;/usr/lib/x86_64-linux-gnu;/usr/lib;/lib/x86_64-linux-gnu;/lib]
  implicit fwks: []


Performing C++ SOURCE FILE Test standard_math_library_linked_to_automatically succeded with the following output:
Change Dir: /home/cmeon/SimplexLP/lib/CMakeFiles/CMakeTmp

Run Build Command:/usr/bin/make "cmTryCompileExec770725259/fast"
/usr/bin/make -f CMakeFiles/cmTryCompileExec770725259.dir/build.make CMakeFiles/cmTryCompileExec770725259.dir/build
make[1]: Entering directory `/home/cmeon/SimplexLP/lib/CMakeFiles/CMakeTmp'
/usr/bin/cmake -E cmake_progress_report /home/cmeon/SimplexLP/lib/CMakeFiles/CMakeTmp/CMakeFiles 1
Building CXX object CMakeFiles/cmTryCompileExec770725259.dir/src.cxx.o
/usr/bin/c++    -Dstandard_math_library_linked_to_automatically   -o CMakeFiles/cmTryCompileExec770725259.dir/src.cxx.o -c /home/cmeon/SimplexLP/lib/CMakeFiles/CMakeTmp/src.cxx
Linking CXX executable cmTryCompileExec770725259
/usr/bin/cmake -E cmake_link_script CMakeFiles/cmTryCompileExec770725259.dir/link.txt --verbose=1
/usr/bin/c++    -Dstandard_math_library_linked_to_automatically    CMakeFiles/cmTryCompileExec770725259.dir/src.cxx.o  -o cmTryCompileExec770725259 -rdynamic 
make[1]: Leaving directory `/home/cmeon/SimplexLP/lib/CMakeFiles/CMakeTmp'

Source file was:
#include<cmath>
int main() { std::sin(0.0); std::log(0.0f); }
Performing C++ SOURCE FILE Test COMPILER_SUPPORT_WERROR succeded with the following output:
Change Dir: /home/cmeon/SimplexLP/lib/CMakeFiles/CMakeTmp

Run Build Command:/usr/bin/make "cmTryCompileExec141310753/fast"
/usr/bin/make -f CMakeFiles/cmTryCompileExec141310753.dir/build.make CMakeFiles/cmTryCompileExec141310753.dir/build
make[1]: Entering directory `/home/cmeon/SimplexLP/lib/CMakeFiles/CMakeTmp'
/usr/bin/cmake -E cmake_progress_report /home/cmeon/SimplexLP/lib/CMakeFiles/CMakeTmp/CMakeFiles 1
Building CXX object CMakeFiles/cmTryCompileExec141310753.dir/src.cxx.o
/usr/bin/c++    -fexceptions -DCOMPILER_SUPPORT_WERROR   -Werror -o CMakeFiles/cmTryCompileExec141310753.dir/src.cxx.o -c /home/cmeon/SimplexLP/lib/CMakeFiles/CMakeTmp/src.cxx
Linking CXX executable cmTryCompileExec141310753
/usr/bin/cmake -E cmake_link_script CMakeFiles/cmTryCompileExec141310753.dir/link.txt --verbose=1
/usr/bin/c++    -fexceptions -DCOMPILER_SUPPORT_WERROR    CMakeFiles/cmTryCompileExec141310753.dir/src.cxx.o  -o cmTryCompileExec141310753 -rdynamic 
make[1]: Leaving directory `/home/cmeon/SimplexLP/lib/CMakeFiles/CMakeTmp'

Source file was:
int main() { return 0;}
Performing C++ SOURCE FILE Test COMPILER_SUPPORT_pedantic succeded with the following output:
Change Dir: /home/cmeon/SimplexLP/lib/CMakeFiles/CMakeTmp

Run Build Command:/usr/bin/make "cmTryCompileExec111703181/fast"
/usr/bin/make -f CMakeFiles/cmTryCompileExec111703181.dir/build.make CMakeFiles/cmTryCompileExec111703181.dir/build
make[1]: Entering directory `/home/cmeon/SimplexLP/lib/CMakeFiles/CMakeTmp'
/usr/bin/cmake -E cmake_progress_report /home/cmeon/SimplexLP/lib/CMakeFiles/CMakeTmp/CMakeFiles 1
Building CXX object CMakeFiles/cmTryCompileExec111703181.dir/src.cxx.o
/usr/bin/c++    -fexceptions -DCOMPILER_SUPPORT_pedantic -Werror   -pedantic -o CMakeFiles/cmTryCompileExec111703181.dir/src.cxx.o -c /home/cmeon/SimplexLP/lib/CMakeFiles/CMakeTmp/src.cxx
Linking CXX executable cmTryCompileExec111703181
/usr/bin/cmake -E cmake_link_script CMakeFiles/cmTryCompileExec111703181.dir/link.txt --verbose=1
/usr/bin/c++    -fexceptions -DCOMPILER_SUPPORT_pedantic -Werror    CMakeFiles/cmTryCompileExec111703181.dir/src.cxx.o  -o cmTryCompileExec111703181 -rdynamic 
make[1]: Leaving directory `/home/cmeon/SimplexLP/lib/CMakeFiles/CMakeTmp'

Source file was:
int main() { return 0;}
Performing C++ SOURCE FILE Test COMPILER_SUPPORT_Wall succeded with the following output:
Change Dir: /home/cmeon/SimplexLP/lib/CMakeFiles/CMakeTmp

Run Build Command:/usr/bin/make "cmTryCompileExec2414466605/fast"
/usr/bin/make -f CMakeFiles/cmTryCompileExec2414466605.dir/build.make CMakeFiles/cmTryCompileExec2414466605.dir/build
make[1]: Entering directory `/home/cmeon/SimplexLP/lib/CMakeFiles/CMakeTmp'
/usr/bin/cmake -E cmake_progress_report /home/cmeon/SimplexLP/lib/CMakeFiles/CMakeTmp/CMakeFiles 1
Building CXX object CMakeFiles/cmTryCompileExec2414466605.dir/src.cxx.o
/usr/bin/c++    -fexceptions -pedantic -DCOMPILER_SUPPORT_Wall -Werror   -Wall -o CMakeFiles/cmTryCompileExec2414466605.dir/src.cxx.o -c /home/cmeon/SimplexLP/lib/CMakeFiles/CMakeTmp/src.cxx
Linking CXX executable cmTryCompileExec2414466605
/usr/bin/cmake -E cmake_link_script CMakeFiles/cmTryCompileExec2414466605.dir/link.txt --verbose=1
/usr/bin/c++    -fexceptions -pedantic -DCOMPILER_SUPPORT_Wall -Werror    CMakeFiles/cmTryCompileExec2414466605.dir/src.cxx.o  -o cmTryCompileExec2414466605 -rdynamic 
make[1]: Leaving directory `/home/cmeon/SimplexLP/lib/CMakeFiles/CMakeTmp'

Source file was:
int main() { return 0;}
Performing C++ SOURCE FILE Test COMPILER_SUPPORT_Wextra succeded with the following output:
Change Dir: /home/cmeon/SimplexLP/lib/CMakeFiles/CMakeTmp

Run Build Command:/usr/bin/make "cmTryCompileExec1472761873/fast"
/usr/bin/make -f CMakeFiles/cmTryCompileExec1472761873.dir/build.make CMakeFiles/cmTryCompileExec1472761873.dir/build
make[1]: Entering directory `/home/cmeon/SimplexLP/lib/CMakeFiles/CMakeTmp'
/usr/bin/cmake -E cmake_progress_report /home/cmeon/SimplexLP/lib/CMakeFiles/CMakeTmp/CMakeFiles 1
Building CXX object CMakeFiles/cmTryCompileExec1472761873.dir/src.cxx.o
/usr/bin/c++    -fexceptions -pedantic -Wall -DCOMPILER_SUPPORT_Wextra -Werror   -Wextra -o CMakeFiles/cmTryCompileExec1472761873.dir/src.cxx.o -c /home/cmeon/SimplexLP/lib/CMakeFiles/CMakeTmp/src.cxx
Linking CXX executable cmTryCompileExec1472761873
/usr/bin/cmake -E cmake_link_script CMakeFiles/cmTryCompileExec1472761873.dir/link.txt --verbose=1
/usr/bin/c++    -fexceptions -pedantic -Wall -DCOMPILER_SUPPORT_Wextra -Werror    CMakeFiles/cmTryCompileExec1472761873.dir/src.cxx.o  -o cmTryCompileExec1472761873 -rdynamic 
make[1]: Leaving directory `/home/cmeon/SimplexLP/lib/CMakeFiles/CMakeTmp'

Source file was:
int main() { return 0;}
Performing C++ SOURCE FILE Test COMPILER_SUPPORT_Wundef succeded with the following output:
Change Dir: /home/cmeon/SimplexLP/lib/CMakeFiles/CMakeTmp

Run Build Command:/usr/bin/make "cmTryCompileExec2884418282/fast"
/usr/bin/make -f CMakeFiles/cmTryCompileExec2884418282.dir/build.make CMakeFiles/cmTryCompileExec2884418282.dir/build
make[1]: Entering directory `/home/cmeon/SimplexLP/lib/CMakeFiles/CMakeTmp'
/usr/bin/cmake -E cmake_progress_report /home/cmeon/SimplexLP/lib/CMakeFiles/CMakeTmp/CMakeFiles 1
Building CXX object CMakeFiles/cmTryCompileExec2884418282.dir/src.cxx.o
/usr/bin/c++    -fexceptions -pedantic -Wall -Wextra -DCOMPILER_SUPPORT_Wundef -Werror   -Wundef -o CMakeFiles/cmTryCompileExec2884418282.dir/src.cxx.o -c /home/cmeon/SimplexLP/lib/CMakeFiles/CMakeTmp/src.cxx
Linking CXX executable cmTryCompileExec2884418282
/usr/bin/cmake -E cmake_link_script CMakeFiles/cmTryCompileExec2884418282.dir/link.txt --verbose=1
/usr/bin/c++    -fexceptions -pedantic -Wall -Wextra -DCOMPILER_SUPPORT_Wundef -Werror    CMakeFiles/cmTryCompileExec2884418282.dir/src.cxx.o  -o cmTryCompileExec2884418282 -rdynamic 
make[1]: Leaving directory `/home/cmeon/SimplexLP/lib/CMakeFiles/CMakeTmp'

Source file was:
int main() { return 0;}
Performing C++ SOURCE FILE Test COMPILER_SUPPORT_Wcastalign succeded with the following output:
Change Dir: /home/cmeon/SimplexLP/lib/CMakeFiles/CMakeTmp

Run Build Command:/usr/bin/make "cmTryCompileExec1705896262/fast"
/usr/bin/make -f CMakeFiles/cmTryCompileExec1705896262.dir/build.make CMakeFiles/cmTryCompileExec1705896262.dir/build
make[1]: Entering directory `/home/cmeon/SimplexLP/lib/CMakeFiles/CMakeTmp'
/usr/bin/cmake -E cmake_progress_report /home/cmeon/SimplexLP/lib/CMakeFiles/CMakeTmp/CMakeFiles 1
Building CXX object CMakeFiles/cmTryCompileExec1705896262.dir/src.cxx.o
/usr/bin/c++    -fexceptions -pedantic -Wall -Wextra -Wundef -DCOMPILER_SUPPORT_Wcastalign -Werror   -Wcast-align -o CMakeFiles/cmTryCompileExec1705896262.dir/src.cxx.o -c /home/cmeon/SimplexLP/lib/CMakeFiles/CMakeTmp/src.cxx
Linking CXX executable cmTryCompileExec1705896262
/usr/bin/cmake -E cmake_link_script CMakeFiles/cmTryCompileExec1705896262.dir/link.txt --verbose=1
/usr/bin/c++    -fexceptions -pedantic -Wall -Wextra -Wundef -DCOMPILER_SUPPORT_Wcastalign -Werror    CMakeFiles/cmTryCompileExec1705896262.dir/src.cxx.o  -o cmTryCompileExec1705896262 -rdynamic 
make[1]: Leaving directory `/home/cmeon/SimplexLP/lib/CMakeFiles/CMakeTmp'

Source file was:
int main() { return 0;}
Performing C++ SOURCE FILE Test COMPILER_SUPPORT_Wcharsubscripts succeded with the following output:
Change Dir: /home/cmeon/SimplexLP/lib/CMakeFiles/CMakeTmp

Run Build Command:/usr/bin/make "cmTryCompileExec3889432843/fast"
/usr/bin/make -f CMakeFiles/cmTryCompileExec3889432843.dir/build.make CMakeFiles/cmTryCompileExec3889432843.dir/build
make[1]: Entering directory `/home/cmeon/SimplexLP/lib/CMakeFiles/CMakeTmp'
/usr/bin/cmake -E cmake_progress_report /home/cmeon/SimplexLP/lib/CMakeFiles/CMakeTmp/CMakeFiles 1
Building CXX object CMakeFiles/cmTryCompileExec3889432843.dir/src.cxx.o
/usr/bin/c++    -fexceptions -pedantic -Wall -Wextra -Wundef -Wcast-align -DCOMPILER_SUPPORT_Wcharsubscripts -Werror   -Wchar-subscripts -o CMakeFiles/cmTryCompileExec3889432843.dir/src.cxx.o -c /home/cmeon/SimplexLP/lib/CMakeFiles/CMakeTmp/src.cxx
Linking CXX executable cmTryCompileExec3889432843
/usr/bin/cmake -E cmake_link_script CMakeFiles/cmTryCompileExec3889432843.dir/link.txt --verbose=1
/usr/bin/c++    -fexceptions -pedantic -Wall -Wextra -Wundef -Wcast-align -DCOMPILER_SUPPORT_Wcharsubscripts -Werror    CMakeFiles/cmTryCompileExec3889432843.dir/src.cxx.o  -o cmTryCompileExec3889432843 -rdynamic 
make[1]: Leaving directory `/home/cmeon/SimplexLP/lib/CMakeFiles/CMakeTmp'

Source file was:
int main() { return 0;}
Performing C++ SOURCE FILE Test COMPILER_SUPPORT_Wnonvirtualdtor succeded with the following output:
Change Dir: /home/cmeon/SimplexLP/lib/CMakeFiles/CMakeTmp

Run Build Command:/usr/bin/make "cmTryCompileExec2272238745/fast"
/usr/bin/make -f CMakeFiles/cmTryCompileExec2272238745.dir/build.make CMakeFiles/cmTryCompileExec2272238745.dir/build
make[1]: Entering directory `/home/cmeon/SimplexLP/lib/CMakeFiles/CMakeTmp'
/usr/bin/cmake -E cmake_progress_report /home/cmeon/SimplexLP/lib/CMakeFiles/CMakeTmp/CMakeFiles 1
Building CXX object CMakeFiles/cmTryCompileExec2272238745.dir/src.cxx.o
/usr/bin/c++    -fexceptions -pedantic -Wall -Wextra -Wundef -Wcast-align -Wchar-subscripts -DCOMPILER_SUPPORT_Wnonvirtualdtor -Werror   -Wnon-virtual-dtor -o CMakeFiles/cmTryCompileExec2272238745.dir/src.cxx.o -c /home/cmeon/SimplexLP/lib/CMakeFiles/CMakeTmp/src.cxx
Linking CXX executable cmTryCompileExec2272238745
/usr/bin/cmake -E cmake_link_script CMakeFiles/cmTryCompileExec2272238745.dir/link.txt --verbose=1
/usr/bin/c++    -fexceptions -pedantic -Wall -Wextra -Wundef -Wcast-align -Wchar-subscripts -DCOMPILER_SUPPORT_Wnonvirtualdtor -Werror    CMakeFiles/cmTryCompileExec2272238745.dir/src.cxx.o  -o cmTryCompileExec2272238745 -rdynamic 
make[1]: Leaving directory `/home/cmeon/SimplexLP/lib/CMakeFiles/CMakeTmp'

Source file was:
int main() { return 0;}
Performing C++ SOURCE FILE Test COMPILER_SUPPORT_Wunusedlocaltypedefs succeded with the following output:
Change Dir: /home/cmeon/SimplexLP/lib/CMakeFiles/CMakeTmp

Run Build Command:/usr/bin/make "cmTryCompileExec992484723/fast"
/usr/bin/make -f CMakeFiles/cmTryCompileExec992484723.dir/build.make CMakeFiles/cmTryCompileExec992484723.dir/build
make[1]: Entering directory `/home/cmeon/SimplexLP/lib/CMakeFiles/CMakeTmp'
/usr/bin/cmake -E cmake_progress_report /home/cmeon/SimplexLP/lib/CMakeFiles/CMakeTmp/CMakeFiles 1
Building CXX object CMakeFiles/cmTryCompileExec992484723.dir/src.cxx.o
/usr/bin/c++    -fexceptions -pedantic -Wall -Wextra -Wundef -Wcast-align -Wchar-subscripts -Wnon-virtual-dtor -DCOMPILER_SUPPORT_Wunusedlocaltypedefs -Werror   -Wunused-local-typedefs -o CMakeFiles/cmTryCompileExec992484723.dir/src.cxx.o -c /home/cmeon/SimplexLP/lib/CMakeFiles/CMakeTmp/src.cxx
Linking CXX executable cmTryCompileExec992484723
/usr/bin/cmake -E cmake_link_script CMakeFiles/cmTryCompileExec992484723.dir/link.txt --verbose=1
/usr/bin/c++    -fexceptions -pedantic -Wall -Wextra -Wundef -Wcast-align -Wchar-subscripts -Wnon-virtual-dtor -DCOMPILER_SUPPORT_Wunusedlocaltypedefs -Werror    CMakeFiles/cmTryCompileExec992484723.dir/src.cxx.o  -o cmTryCompileExec992484723 -rdynamic 
make[1]: Leaving directory `/home/cmeon/SimplexLP/lib/CMakeFiles/CMakeTmp'

Source file was:
int main() { return 0;}
Performing C++ SOURCE FILE Test COMPILER_SUPPORT_Wpointerarith succeded with the following output:
Change Dir: /home/cmeon/SimplexLP/lib/CMakeFiles/CMakeTmp

Run Build Command:/usr/bin/make "cmTryCompileExec1895092012/fast"
/usr/bin/make -f CMakeFiles/cmTryCompileExec1895092012.dir/build.make CMakeFiles/cmTryCompileExec1895092012.dir/build
make[1]: Entering directory `/home/cmeon/SimplexLP/lib/CMakeFiles/CMakeTmp'
/usr/bin/cmake -E cmake_progress_report /home/cmeon/SimplexLP/lib/CMakeFiles/CMakeTmp/CMakeFiles 1
Building CXX object CMakeFiles/cmTryCompileExec1895092012.dir/src.cxx.o
/usr/bin/c++    -fexceptions -pedantic -Wall -Wextra -Wundef -Wcast-align -Wchar-subscripts -Wnon-virtual-dtor -Wunused-local-typedefs -DCOMPILER_SUPPORT_Wpointerarith -Werror   -Wpointer-arith -o CMakeFiles/cmTryCompileExec1895092012.dir/src.cxx.o -c /home/cmeon/SimplexLP/lib/CMakeFiles/CMakeTmp/src.cxx
Linking CXX executable cmTryCompileExec1895092012
/usr/bin/cmake -E cmake_link_script CMakeFiles/cmTryCompileExec1895092012.dir/link.txt --verbose=1
/usr/bin/c++    -fexceptions -pedantic -Wall -Wextra -Wundef -Wcast-align -Wchar-subscripts -Wnon-virtual-dtor -Wunused-local-typedefs -DCOMPILER_SUPPORT_Wpointerarith -Werror    CMakeFiles/cmTryCompileExec1895092012.dir/src.cxx.o  -o cmTryCompileExec1895092012 -rdynamic 
make[1]: Leaving directory `/home/cmeon/SimplexLP/lib/CMakeFiles/CMakeTmp'

Source file was:
int main() { return 0;}
Performing C++ SOURCE FILE Test COMPILER_SUPPORT_Wwritestrings succeded with the following output:
Change Dir: /home/cmeon/SimplexLP/lib/CMakeFiles/CMakeTmp

Run Build Command:/usr/bin/make "cmTryCompileExec1904789918/fast"
/usr/bin/make -f CMakeFiles/cmTryCompileExec1904789918.dir/build.make CMakeFiles/cmTryCompileExec1904789918.dir/build
make[1]: Entering directory `/home/cmeon/SimplexLP/lib/CMakeFiles/CMakeTmp'
/usr/bin/cmake -E cmake_progress_report /home/cmeon/SimplexLP/lib/CMakeFiles/CMakeTmp/CMakeFiles 1
Building CXX object CMakeFiles/cmTryCompileExec1904789918.dir/src.cxx.o
/usr/bin/c++    -fexceptions -pedantic -Wall -Wextra -Wundef -Wcast-align -Wchar-subscripts -Wnon-virtual-dtor -Wunused-local-typedefs -Wpointer-arith -DCOMPILER_SUPPORT_Wwritestrings -Werror   -Wwrite-strings -o CMakeFiles/cmTryCompileExec1904789918.dir/src.cxx.o -c /home/cmeon/SimplexLP/lib/CMakeFiles/CMakeTmp/src.cxx
Linking CXX executable cmTryCompileExec1904789918
/usr/bin/cmake -E cmake_link_script CMakeFiles/cmTryCompileExec1904789918.dir/link.txt --verbose=1
/usr/bin/c++    -fexceptions -pedantic -Wall -Wextra -Wundef -Wcast-align -Wchar-subscripts -Wnon-virtual-dtor -Wunused-local-typedefs -Wpointer-arith -DCOMPILER_SUPPORT_Wwritestrings -Werror    CMakeFiles/cmTryCompileExec1904789918.dir/src.cxx.o  -o cmTryCompileExec1904789918 -rdynamic 
make[1]: Leaving directory `/home/cmeon/SimplexLP/lib/CMakeFiles/CMakeTmp'

Source file was:
int main() { return 0;}
Performing C++ SOURCE FILE Test COMPILER_SUPPORT_Wformatsecurity succeded with the following output:
Change Dir: /home/cmeon/SimplexLP/lib/CMakeFiles/CMakeTmp

Run Build Command:/usr/bin/make "cmTryCompileExec3772980947/fast"
/usr/bin/make -f CMakeFiles/cmTryCompileExec3772980947.dir/build.make CMakeFiles/cmTryCompileExec3772980947.dir/build
make[1]: Entering directory `/home/cmeon/SimplexLP/lib/CMakeFiles/CMakeTmp'
/usr/bin/cmake -E cmake_progress_report /home/cmeon/SimplexLP/lib/CMakeFiles/CMakeTmp/CMakeFiles 1
Building CXX object CMakeFiles/cmTryCompileExec3772980947.dir/src.cxx.o
/usr/bin/c++    -fexceptions -pedantic -Wall -Wextra -Wundef -Wcast-align -Wchar-subscripts -Wnon-virtual-dtor -Wunused-local-typedefs -Wpointer-arith -Wwrite-strings -DCOMPILER_SUPPORT_Wformatsecurity -Werror   -Wformat-security -o CMakeFiles/cmTryCompileExec3772980947.dir/src.cxx.o -c /home/cmeon/SimplexLP/lib/CMakeFiles/CMakeTmp/src.cxx
Linking CXX executable cmTryCompileExec3772980947
/usr/bin/cmake -E cmake_link_script CMakeFiles/cmTryCompileExec3772980947.dir/link.txt --verbose=1
/usr/bin/c++    -fexceptions -pedantic -Wall -Wextra -Wundef -Wcast-align -Wchar-subscripts -Wnon-virtual-dtor -Wunused-local-typedefs -Wpointer-arith -Wwrite-strings -DCOMPILER_SUPPORT_Wformatsecurity -Werror    CMakeFiles/cmTryCompileExec3772980947.dir/src.cxx.o  -o cmTryCompileExec3772980947 -rdynamic 
make[1]: Leaving directory `/home/cmeon/SimplexLP/lib/CMakeFiles/CMakeTmp'

Source file was:
int main() { return 0;}
Performing C++ SOURCE FILE Test COMPILER_SUPPORT_Wnopsabi succeded with the following output:
Change Dir: /home/cmeon/SimplexLP/lib/CMakeFiles/CMakeTmp

Run Build Command:/usr/bin/make "cmTryCompileExec2254206136/fast"
/usr/bin/make -f CMakeFiles/cmTryCompileExec2254206136.dir/build.make CMakeFiles/cmTryCompileExec2254206136.dir/build
make[1]: Entering directory `/home/cmeon/SimplexLP/lib/CMakeFiles/CMakeTmp'
/usr/bin/cmake -E cmake_progress_report /home/cmeon/SimplexLP/lib/CMakeFiles/CMakeTmp/CMakeFiles 1
Building CXX object CMakeFiles/cmTryCompileExec2254206136.dir/src.cxx.o
/usr/bin/c++    -fexceptions -pedantic -Wall -Wextra -Wundef -Wcast-align -Wchar-subscripts -Wnon-virtual-dtor -Wunused-local-typedefs -Wpointer-arith -Wwrite-strings -Wformat-security -DCOMPILER_SUPPORT_Wnopsabi -Werror   -Wno-psabi -o CMakeFiles/cmTryCompileExec2254206136.dir/src.cxx.o -c /home/cmeon/SimplexLP/lib/CMakeFiles/CMakeTmp/src.cxx
Linking CXX executable cmTryCompileExec2254206136
/usr/bin/cmake -E cmake_link_script CMakeFiles/cmTryCompileExec2254206136.dir/link.txt --verbose=1
/usr/bin/c++    -fexceptions -pedantic -Wall -Wextra -Wundef -Wcast-align -Wchar-subscripts -Wnon-virtual-dtor -Wunused-local-typedefs -Wpointer-arith -Wwrite-strings -Wformat-security -DCOMPILER_SUPPORT_Wnopsabi -Werror    CMakeFiles/cmTryCompileExec2254206136.dir/src.cxx.o  -o cmTryCompileExec2254206136 -rdynamic 
make[1]: Leaving directory `/home/cmeon/SimplexLP/lib/CMakeFiles/CMakeTmp'

Source file was:
int main() { return 0;}
Performing C++ SOURCE FILE Test COMPILER_SUPPORT_Wnovariadicmacros succeded with the following output:
Change Dir: /home/cmeon/SimplexLP/lib/CMakeFiles/CMakeTmp

Run Build Command:/usr/bin/make "cmTryCompileExec3134258828/fast"
/usr/bin/make -f CMakeFiles/cmTryCompileExec3134258828.dir/build.make CMakeFiles/cmTryCompileExec3134258828.dir/build
make[1]: Entering directory `/home/cmeon/SimplexLP/lib/CMakeFiles/CMakeTmp'
/usr/bin/cmake -E cmake_progress_report /home/cmeon/SimplexLP/lib/CMakeFiles/CMakeTmp/CMakeFiles 1
Building CXX object CMakeFiles/cmTryCompileExec3134258828.dir/src.cxx.o
/usr/bin/c++    -fexceptions -pedantic -Wall -Wextra -Wundef -Wcast-align -Wchar-subscripts -Wnon-virtual-dtor -Wunused-local-typedefs -Wpointer-arith -Wwrite-strings -Wformat-security -Wno-psabi -DCOMPILER_SUPPORT_Wnovariadicmacros -Werror   -Wno-variadic-macros -o CMakeFiles/cmTryCompileExec3134258828.dir/src.cxx.o -c /home/cmeon/SimplexLP/lib/CMakeFiles/CMakeTmp/src.cxx
Linking CXX executable cmTryCompileExec3134258828
/usr/bin/cmake -E cmake_link_script CMakeFiles/cmTryCompileExec3134258828.dir/link.txt --verbose=1
/usr/bin/c++    -fexceptions -pedantic -Wall -Wextra -Wundef -Wcast-align -Wchar-subscripts -Wnon-virtual-dtor -Wunused-local-typedefs -Wpointer-arith -Wwrite-strings -Wformat-security -Wno-psabi -DCOMPILER_SUPPORT_Wnovariadicmacros -Werror    CMakeFiles/cmTryCompileExec3134258828.dir/src.cxx.o  -o cmTryCompileExec3134258828 -rdynamic 
make[1]: Leaving directory `/home/cmeon/SimplexLP/lib/CMakeFiles/CMakeTmp'

Source file was:
int main() { return 0;}
Performing C++ SOURCE FILE Test COMPILER_SUPPORT_Wnolonglong succeded with the following output:
Change Dir: /home/cmeon/SimplexLP/lib/CMakeFiles/CMakeTmp

Run Build Command:/usr/bin/make "cmTryCompileExec3391582506/fast"
/usr/bin/make -f CMakeFiles/cmTryCompileExec3391582506.dir/build.make CMakeFiles/cmTryCompileExec3391582506.dir/build
make[1]: Entering directory `/home/cmeon/SimplexLP/lib/CMakeFiles/CMakeTmp'
/usr/bin/cmake -E cmake_progress_report /home/cmeon/SimplexLP/lib/CMakeFiles/CMakeTmp/CMakeFiles 1
Building CXX object CMakeFiles/cmTryCompileExec3391582506.dir/src.cxx.o
/usr/bin/c++    -fexceptions -pedantic -Wall -Wextra -Wundef -Wcast-align -Wchar-subscripts -Wnon-virtual-dtor -Wunused-local-typedefs -Wpointer-arith -Wwrite-strings -Wformat-security -Wno-psabi -Wno-variadic-macros -DCOMPILER_SUPPORT_Wnolonglong -Werror   -Wno-long-long -o CMakeFiles/cmTryCompileExec3391582506.dir/src.cxx.o -c /home/cmeon/SimplexLP/lib/CMakeFiles/CMakeTmp/src.cxx
Linking CXX executable cmTryCompileExec3391582506
/usr/bin/cmake -E cmake_link_script CMakeFiles/cmTryCompileExec3391582506.dir/link.txt --verbose=1
/usr/bin/c++    -fexceptions -pedantic -Wall -Wextra -Wundef -Wcast-align -Wchar-subscripts -Wnon-virtual-dtor -Wunused-local-typedefs -Wpointer-arith -Wwrite-strings -Wformat-security -Wno-psabi -Wno-variadic-macros -DCOMPILER_SUPPORT_Wnolonglong -Werror    CMakeFiles/cmTryCompileExec3391582506.dir/src.cxx.o  -o cmTryCompileExec3391582506 -rdynamic 
make[1]: Leaving directory `/home/cmeon/SimplexLP/lib/CMakeFiles/CMakeTmp'

Source file was:
int main() { return 0;}
Performing C++ SOURCE FILE Test COMPILER_SUPPORT_fnochecknew succeded with the following output:
Change Dir: /home/cmeon/SimplexLP/lib/CMakeFiles/CMakeTmp

Run Build Command:/usr/bin/make "cmTryCompileExec1558958543/fast"
/usr/bin/make -f CMakeFiles/cmTryCompileExec1558958543.dir/build.make CMakeFiles/cmTryCompileExec1558958543.dir/build
make[1]: Entering directory `/home/cmeon/SimplexLP/lib/CMakeFiles/CMakeTmp'
/usr/bin/cmake -E cmake_progress_report /home/cmeon/SimplexLP/lib/CMakeFiles/CMakeTmp/CMakeFiles 1
Building CXX object CMakeFiles/cmTryCompileExec1558958543.dir/src.cxx.o
/usr/bin/c++    -fexceptions -pedantic -Wall -Wextra -Wundef -Wcast-align -Wchar-subscripts -Wnon-virtual-dtor -Wunused-local-typedefs -Wpointer-arith -Wwrite-strings -Wformat-security -Wno-psabi -Wno-variadic-macros -Wno-long-long -DCOMPILER_SUPPORT_fnochecknew -Werror   -fno-check-new -o CMakeFiles/cmTryCompileExec1558958543.dir/src.cxx.o -c /home/cmeon/SimplexLP/lib/CMakeFiles/CMakeTmp/src.cxx
Linking CXX executable cmTryCompileExec1558958543
/usr/bin/cmake -E cmake_link_script CMakeFiles/cmTryCompileExec1558958543.dir/link.txt --verbose=1
/usr/bin/c++    -fexceptions -pedantic -Wall -Wextra -Wundef -Wcast-align -Wchar-subscripts -Wnon-virtual-dtor -Wunused-local-typedefs -Wpointer-arith -Wwrite-strings -Wformat-security -Wno-psabi -Wno-variadic-macros -Wno-long-long -DCOMPILER_SUPPORT_fnochecknew -Werror    CMakeFiles/cmTryCompileExec1558958543.dir/src.cxx.o  -o cmTryCompileExec1558958543 -rdynamic 
make[1]: Leaving directory `/home/cmeon/SimplexLP/lib/CMakeFiles/CMakeTmp'

Source file was:
int main() { return 0;}
Performing C++ SOURCE FILE Test COMPILER_SUPPORT_fnocommon succeded with the following output:
Change Dir: /home/cmeon/SimplexLP/lib/CMakeFiles/CMakeTmp

Run Build Command:/usr/bin/make "cmTryCompileExec437493319/fast"
/usr/bin/make -f CMakeFiles/cmTryCompileExec437493319.dir/build.make CMakeFiles/cmTryCompileExec437493319.dir/build
make[1]: Entering directory `/home/cmeon/SimplexLP/lib/CMakeFiles/CMakeTmp'
/usr/bin/cmake -E cmake_progress_report /home/cmeon/SimplexLP/lib/CMakeFiles/CMakeTmp/CMakeFiles 1
Building CXX object CMakeFiles/cmTryCompileExec437493319.dir/src.cxx.o
/usr/bin/c++    -fexceptions -pedantic -Wall -Wextra -Wundef -Wcast-align -Wchar-subscripts -Wnon-virtual-dtor -Wunused-local-typedefs -Wpointer-arith -Wwrite-strings -Wformat-security -Wno-psabi -Wno-variadic-macros -Wno-long-long -fno-check-new -DCOMPILER_SUPPORT_fnocommon -Werror   -fno-common -o CMakeFiles/cmTryCompileExec437493319.dir/src.cxx.o -c /home/cmeon/SimplexLP/lib/CMakeFiles/CMakeTmp/src.cxx
Linking CXX executable cmTryCompileExec437493319
/usr/bin/cmake -E cmake_link_script CMakeFiles/cmTryCompileExec437493319.dir/link.txt --verbose=1
/usr/bin/c++    -fexceptions -pedantic -Wall -Wextra -Wundef -Wcast-align -Wchar-subscripts -Wnon-virtual-dtor -Wunused-local-typedefs -Wpointer-arith -Wwrite-strings -Wformat-security -Wno-psabi -Wno-variadic-macros -Wno-long-long -fno-check-new -DCOMPILER_SUPPORT_fnocommon -Werror    CMakeFiles/cmTryCompileExec437493319.dir/src.cxx.o  -o cmTryCompileExec437493319 -rdynamic 
make[1]: Leaving directory `/home/cmeon/SimplexLP/lib/CMakeFiles/CMakeTmp'

Source file was:
int main() { return 0;}
Performing C++ SOURCE FILE Test COMPILER_SUPPORT_fstrictaliasing succeded with the following output:
Change Dir: /home/cmeon/SimplexLP/lib/CMakeFiles/CMakeTmp

Run Build Command:/usr/bin/make "cmTryCompileExec2344579675/fast"
/usr/bin/make -f CMakeFiles/cmTryCompileExec2344579675.dir/build.make CMakeFiles/cmTryCompileExec2344579675.dir/build
make[1]: Entering directory `/home/cmeon/SimplexLP/lib/CMakeFiles/CMakeTmp'
/usr/bin/cmake -E cmake_progress_report /home/cmeon/SimplexLP/lib/CMakeFiles/CMakeTmp/CMakeFiles 1
Building CXX object CMakeFiles/cmTryCompileExec2344579675.dir/src.cxx.o
/usr/bin/c++    -fexceptions -pedantic -Wall -Wextra -Wundef -Wcast-align -Wchar-subscripts -Wnon-virtual-dtor -Wunused-local-typedefs -Wpointer-arith -Wwrite-strings -Wformat-security -Wno-psabi -Wno-variadic-macros -Wno-long-long -fno-check-new -fno-common -DCOMPILER_SUPPORT_fstrictaliasing -Werror   -fstrict-aliasing -o CMakeFiles/cmTryCompileExec2344579675.dir/src.cxx.o -c /home/cmeon/SimplexLP/lib/CMakeFiles/CMakeTmp/src.cxx
Linking CXX executable cmTryCompileExec2344579675
/usr/bin/cmake -E cmake_link_script CMakeFiles/cmTryCompileExec2344579675.dir/link.txt --verbose=1
/usr/bin/c++    -fexceptions -pedantic -Wall -Wextra -Wundef -Wcast-align -Wchar-subscripts -Wnon-virtual-dtor -Wunused-local-typedefs -Wpointer-arith -Wwrite-strings -Wformat-security -Wno-psabi -Wno-variadic-macros -Wno-long-long -fno-check-new -fno-common -DCOMPILER_SUPPORT_fstrictaliasing -Werror    CMakeFiles/cmTryCompileExec2344579675.dir/src.cxx.o  -o cmTryCompileExec2344579675 -rdynamic 
make[1]: Leaving directory `/home/cmeon/SimplexLP/lib/CMakeFiles/CMakeTmp'

Source file was:
int main() { return 0;}
Performing C++ SOURCE FILE Test COMPILER_SUPPORT_ansi succeded with the following output:
Change Dir: /home/cmeon/SimplexLP/lib/CMakeFiles/CMakeTmp

Run Build Command:/usr/bin/make "cmTryCompileExec941314435/fast"
/usr/bin/make -f CMakeFiles/cmTryCompileExec941314435.dir/build.make CMakeFiles/cmTryCompileExec941314435.dir/build
make[1]: Entering directory `/home/cmeon/SimplexLP/lib/CMakeFiles/CMakeTmp'
/usr/bin/cmake -E cmake_progress_report /home/cmeon/SimplexLP/lib/CMakeFiles/CMakeTmp/CMakeFiles 1
Building CXX object CMakeFiles/cmTryCompileExec941314435.dir/src.cxx.o
/usr/bin/c++    -fexceptions -pedantic -Wall -Wextra -Wundef -Wcast-align -Wchar-subscripts -Wnon-virtual-dtor -Wunused-local-typedefs -Wpointer-arith -Wwrite-strings -Wformat-security -Wno-psabi -Wno-variadic-macros -Wno-long-long -fno-check-new -fno-common -fstrict-aliasing -DCOMPILER_SUPPORT_ansi -Werror   -ansi -o CMakeFiles/cmTryCompileExec941314435.dir/src.cxx.o -c /home/cmeon/SimplexLP/lib/CMakeFiles/CMakeTmp/src.cxx
Linking CXX executable cmTryCompileExec941314435
/usr/bin/cmake -E cmake_link_script CMakeFiles/cmTryCompileExec941314435.dir/link.txt --verbose=1
/usr/bin/c++    -fexceptions -pedantic -Wall -Wextra -Wundef -Wcast-align -Wchar-subscripts -Wnon-virtual-dtor -Wunused-local-typedefs -Wpointer-arith -Wwrite-strings -Wformat-security -Wno-psabi -Wno-variadic-macros -Wno-long-long -fno-check-new -fno-common -fstrict-aliasing -DCOMPILER_SUPPORT_ansi -Werror    CMakeFiles/cmTryCompileExec941314435.dir/src.cxx.o  -o cmTryCompileExec941314435 -rdynamic 
make[1]: Leaving directory `/home/cmeon/SimplexLP/lib/CMakeFiles/CMakeTmp'

Source file was:
int main() { return 0;}
Performing C++ SOURCE FILE Test COMPILER_SUPPORT_OPENMP succeded with the following output:
Change Dir: /home/cmeon/SimplexLP/lib/CMakeFiles/CMakeTmp

Run Build Command:/usr/bin/make "cmTryCompileExec97151963/fast"
/usr/bin/make -f CMakeFiles/cmTryCompileExec97151963.dir/build.make CMakeFiles/cmTryCompileExec97151963.dir/build
make[1]: Entering directory `/home/cmeon/SimplexLP/lib/CMakeFiles/CMakeTmp'
/usr/bin/cmake -E cmake_progress_report /home/cmeon/SimplexLP/lib/CMakeFiles/CMakeTmp/CMakeFiles 1
Building CXX object CMakeFiles/cmTryCompileExec97151963.dir/src.cxx.o
/usr/bin/c++    -fexceptions -pedantic -Wall -Wextra -Wundef -Wcast-align -Wchar-subscripts -Wnon-virtual-dtor -Wunused-local-typedefs -Wpointer-arith -Wwrite-strings -Wformat-security -Wno-psabi -Wno-variadic-macros -Wno-long-long -fno-check-new -fno-common -fstrict-aliasing -ansi -DCOMPILER_SUPPORT_OPENMP   -fopenmp -o CMakeFiles/cmTryCompileExec97151963.dir/src.cxx.o -c /home/cmeon/SimplexLP/lib/CMakeFiles/CMakeTmp/src.cxx
Linking CXX executable cmTryCompileExec97151963
/usr/bin/cmake -E cmake_link_script CMakeFiles/cmTryCompileExec97151963.dir/link.txt --verbose=1
/usr/bin/c++    -fexceptions -pedantic -Wall -Wextra -Wundef -Wcast-align -Wchar-subscripts -Wnon-virtual-dtor -Wunused-local-typedefs -Wpointer-arith -Wwrite-strings -Wformat-security -Wno-psabi -Wno-variadic-macros -Wno-long-long -fno-check-new -fno-common -fstrict-aliasing -ansi -DCOMPILER_SUPPORT_OPENMP    CMakeFiles/cmTryCompileExec97151963.dir/src.cxx.o  -o cmTryCompileExec97151963 -rdynamic 
make[1]: Leaving directory `/home/cmeon/SimplexLP/lib/CMakeFiles/CMakeTmp'

Source file was:
int main() { return 0;}
Compiling the Fortran compiler identification source file "CMakeFortranCompilerId.F" succeeded.
Compiler: /usr/bin/gfortran 
Build flags: 
Id flags: 

The output was:
0


Compilation of the Fortran compiler identification source "CMakeFortranCompilerId.F" produced "a.out"

The Fortran compiler identification is GNU, found in "/home/cmeon/SimplexLP/lib/CMakeFiles/2.8.12.2/CompilerIdFortran/a.out"

Determining if the Fortran compiler works passed with the following output:
Change Dir: /home/cmeon/SimplexLP/lib/CMakeFiles/CMakeTmp

Run Build Command:/usr/bin/make "cmTryCompileExec90596868/fast"
/usr/bin/make -f CMakeFiles/cmTryCompileExec90596868.dir/build.make CMakeFiles/cmTryCompileExec90596868.dir/build
make[1]: Entering directory `/home/cmeon/SimplexLP/lib/CMakeFiles/CMakeTmp'
/usr/bin/cmake -E cmake_progress_report /home/cmeon/SimplexLP/lib/CMakeFiles/CMakeTmp/CMakeFiles 1
Building Fortran object CMakeFiles/cmTryCompileExec90596868.dir/testFortranCompiler.f.o
/usr/bin/gfortran    -c /home/cmeon/SimplexLP/lib/CMakeFiles/CMakeTmp/testFortranCompiler.f -o CMakeFiles/cmTryCompileExec90596868.dir/testFortranCompiler.f.o
Linking Fortran executable cmTryCompileExec90596868
/usr/bin/cmake -E cmake_link_script CMakeFiles/cmTryCompileExec90596868.dir/link.txt --verbose=1
/usr/bin/gfortran       CMakeFiles/cmTryCompileExec90596868.dir/testFortranCompiler.f.o  -o cmTryCompileExec90596868 -rdynamic 
make[1]: Leaving directory `/home/cmeon/SimplexLP/lib/CMakeFiles/CMakeTmp'


Detecting Fortran compiler ABI info compiled with the following output:
Change Dir: /home/cmeon/SimplexLP/lib/CMakeFiles/CMakeTmp

Run Build Command:/usr/bin/make "cmTryCompileExec3069655265/fast"
/usr/bin/make -f CMakeFiles/cmTryCompileExec3069655265.dir/build.make CMakeFiles/cmTryCompileExec3069655265.dir/build
make[1]: Entering directory `/home/cmeon/SimplexLP/lib/CMakeFiles/CMakeTmp'
/usr/bin/cmake -E cmake_progress_report /home/cmeon/SimplexLP/lib/CMakeFiles/CMakeTmp/CMakeFiles 1
Building Fortran object CMakeFiles/cmTryCompileExec3069655265.dir/CMakeFortranCompilerABI.F.o
/usr/bin/gfortran    -c /usr/share/cmake-2.8/Modules/CMakeFortranCompilerABI.F -o CMakeFiles/cmTryCompileExec3069655265.dir/CMakeFortranCompilerABI.F.o
Linking Fortran executable cmTryCompileExec3069655265
/usr/bin/cmake -E cmake_link_script CMakeFiles/cmTryCompileExec3069655265.dir/link.txt --verbose=1
/usr/bin/gfortran   -v   CMakeFiles/cmTryCompileExec3069655265.dir/CMakeFortranCompilerABI.F.o  -o cmTryCompileExec3069655265 -rdynamic  
Driving: /usr/bin/gfortran -v CMakeFiles/cmTryCompileExec3069655265.dir/CMakeFortranCompilerABI.F.o -o cmTryCompileExec3069655265 -rdynamic -l gfortran -l m -shared-libgcc
Using built-in specs.
COLLECT_GCC=/usr/bin/gfortran
COLLECT_LTO_WRAPPER=/usr/lib/gcc/x86_64-linux-gnu/4.8/lto-wrapper
Target: x86_64-linux-gnu
Configured with: ../src/configure -v --with-pkgversion='Ubuntu 4.8.2-19ubuntu1' --with-bugurl=file:///usr/share/doc/gcc-4.8/README.Bugs --enable-languages=c,c++,java,go,d,fortran,objc,obj-c++ --prefix=/usr --program-suffix=-4.8 --enable-shared --enable-linker-build-id --libexecdir=/usr/lib --without-included-gettext --enable-threads=posix --with-gxx-include-dir=/usr/include/c++/4.8 --libdir=/usr/lib --enable-nls --with-sysroot=/ --enable-clocale=gnu --enable-libstdcxx-debug --enable-libstdcxx-time=yes --enable-gnu-unique-object --disable-libmudflap --enable-plugin --with-system-zlib --disable-browser-plugin --enable-java-awt=gtk --enable-gtk-cairo --with-java-home=/usr/lib/jvm/java-1.5.0-gcj-4.8-amd64/jre --enable-java-home --with-jvm-root-dir=/usr/lib/jvm/java-1.5.0-gcj-4.8-amd64 --with-jvm-jar-dir=/usr/lib/jvm-exports/java-1.5.0-gcj-4.8-amd64 --with-arch-directory=amd64 --with-ecj-jar=/usr/share/java/eclipse-ecj.jar --enable-objc-gc --enable-multiarch --disable-werror --with-arch-32=i686 --with-abi=m64 --with-multilib-list=m32,m64,mx32 --with-tune=generic --enable-checking=release --build=x86_64-linux-gnu --host=x86_64-linux-gnu --target=x86_64-linux-gnu
Thread model: posix
gcc version 4.8.2 (Ubuntu 4.8.2-19ubuntu1) 
Reading specs from /usr/lib/gcc/x86_64-linux-gnu/4.8/libgfortran.spec
rename spec lib to liborig
COLLECT_GCC_OPTIONS='-v' '-o' 'cmTryCompileExec3069655265' '-rdynamic' '-shared-libgcc' '-mtune=generic' '-march=x86-64'
COMPILER_PATH=/usr/lib/gcc/x86_64-linux-gnu/4.8/:/usr/lib/gcc/x86_64-linux-gnu/4.8/:/usr/lib/gcc/x86_64-linux-gnu/:/usr/lib/gcc/x86_64-linux-gnu/4.8/:/usr/lib/gcc/x86_64-linux-gnu/
LIBRARY_PATH=/usr/lib/gcc/x86_64-linux-gnu/4.8/:/usr/lib/gcc/x86_64-linux-gnu/4.8/../../../x86_64-linux-gnu/:/usr/lib/gcc/x86_64-linux-gnu/4.8/../../../../lib/:/lib/x86_64-linux-gnu/:/lib/../lib/:/usr/lib/x86_64-linux-gnu/:/usr/lib/../lib/:/usr/lib/gcc/x86_64-linux-gnu/4.8/../../../:/lib/:/usr/lib/
COLLECT_GCC_OPTIONS='-v' '-o' 'cmTryCompileExec3069655265' '-rdynamic' '-shared-libgcc' '-mtune=generic' '-march=x86-64'
 /usr/lib/gcc/x86_64-linux-gnu/4.8/collect2 --sysroot=/ --build-id --eh-frame-hdr -m elf_x86_64 --hash-style=gnu --as-needed -export-dynamic -dynamic-linker /lib64/ld-linux-x86-64.so.2 -z relro -o cmTryCompileExec3069655265 /usr/lib/gcc/x86_64-linux-gnu/4.8/../../../x86_64-linux-gnu/crt1.o /usr/lib/gcc/x86_64-linux-gnu/4.8/../../../x86_64-linux-gnu/crti.o /usr/lib/gcc/x86_64-linux-gnu/4.8/crtbegin.o -L/usr/lib/gcc/x86_64-linux-gnu/4.8 -L/usr/lib/gcc/x86_64-linux-gnu/4.8/../../../x86_64-linux-gnu -L/usr/lib/gcc/x86_64-linux-gnu/4.8/../../../../lib -L/lib/x86_64-linux-gnu -L/lib/../lib -L/usr/lib/x86_64-linux-gnu -L/usr/lib/../lib -L/usr/lib/gcc/x86_64-linux-gnu/4.8/../../.. CMakeFiles/cmTryCompileExec3069655265.dir/CMakeFortranCompilerABI.F.o -lgfortran -lm -lgcc_s -lgcc -lquadmath -lm -lgcc_s -lgcc -lc -lgcc_s -lgcc /usr/lib/gcc/x86_64-linux-gnu/4.8/crtend.o /usr/lib/gcc/x86_64-linux-gnu/4.8/../../../x86_64-linux-gnu/crtn.o
make[1]: Leaving directory `/home/cmeon/SimplexLP/lib/CMakeFiles/CMakeTmp'


Parsed Fortran implicit link information from above output:
  link line regex: [^( *|.*[/\])(ld|([^/\]+-)?ld|collect2)[^/\]*( |$)]
  ignore line: [Change Dir: /home/cmeon/SimplexLP/lib/CMakeFiles/CMakeTmp]
  ignore line: []
  ignore line: [Run Build Command:/usr/bin/make "cmTryCompileExec3069655265/fast"]
  ignore line: [/usr/bin/make -f CMakeFiles/cmTryCompileExec3069655265.dir/build.make CMakeFiles/cmTryCompileExec3069655265.dir/build]
  ignore line: [make[1]: Entering directory `/home/cmeon/SimplexLP/lib/CMakeFiles/CMakeTmp']
  ignore line: [/usr/bin/cmake -E cmake_progress_report /home/cmeon/SimplexLP/lib/CMakeFiles/CMakeTmp/CMakeFiles 1]
  ignore line: [Building Fortran object CMakeFiles/cmTryCompileExec3069655265.dir/CMakeFortranCompilerABI.F.o]
  ignore line: [/usr/bin/gfortran    -c /usr/share/cmake-2.8/Modules/CMakeFortranCompilerABI.F -o CMakeFiles/cmTryCompileExec3069655265.dir/CMakeFortranCompilerABI.F.o]
  ignore line: [Linking Fortran executable cmTryCompileExec3069655265]
  ignore line: [/usr/bin/cmake -E cmake_link_script CMakeFiles/cmTryCompileExec3069655265.dir/link.txt --verbose=1]
  ignore line: [/usr/bin/gfortran   -v   CMakeFiles/cmTryCompileExec3069655265.dir/CMakeFortranCompilerABI.F.o  -o cmTryCompileExec3069655265 -rdynamic  ]
  ignore line: [Driving: /usr/bin/gfortran -v CMakeFiles/cmTryCompileExec3069655265.dir/CMakeFortranCompilerABI.F.o -o cmTryCompileExec3069655265 -rdynamic -l gfortran -l m -shared-libgcc]
  ignore line: [Using built-in specs.]
  ignore line: [COLLECT_GCC=/usr/bin/gfortran]
  ignore line: [COLLECT_LTO_WRAPPER=/usr/lib/gcc/x86_64-linux-gnu/4.8/lto-wrapper]
  ignore line: [Target: x86_64-linux-gnu]
  ignore line: [Configured with: ../src/configure -v --with-pkgversion='Ubuntu 4.8.2-19ubuntu1' --with-bugurl=file:///usr/share/doc/gcc-4.8/README.Bugs --enable-languages=c,c++,java,go,d,fortran,objc,obj-c++ --prefix=/usr --program-suffix=-4.8 --enable-shared --enable-linker-build-id --libexecdir=/usr/lib --without-included-gettext --enable-threads=posix --with-gxx-include-dir=/usr/include/c++/4.8 --libdir=/usr/lib --enable-nls --with-sysroot=/ --enable-clocale=gnu --enable-libstdcxx-debug --enable-libstdcxx-time=yes --enable-gnu-unique-object --disable-libmudflap --enable-plugin --with-system-zlib --disable-browser-plugin --enable-java-awt=gtk --enable-gtk-cairo --with-java-home=/usr/lib/jvm/java-1.5.0-gcj-4.8-amd64/jre --enable-java-home --with-jvm-root-dir=/usr/lib/jvm/java-1.5.0-gcj-4.8-amd64 --with-jvm-jar-dir=/usr/lib/jvm-exports/java-1.5.0-gcj-4.8-amd64 --with-arch-directory=amd64 --with-ecj-jar=/usr/share/java/eclipse-ecj.jar --enable-objc-gc --enable-multiarch --disable-werror --with-arch-32=i686 --with-abi=m64 --with-multilib-list=m32,m64,mx32 --with-tune=generic --enable-checking=release --build=x86_64-linux-gnu --host=x86_64-linux-gnu --target=x86_64-linux-gnu]
  ignore line: [Thread model: posix]
  ignore line: [gcc version 4.8.2 (Ubuntu 4.8.2-19ubuntu1) ]
  ignore line: [Reading specs from /usr/lib/gcc/x86_64-linux-gnu/4.8/libgfortran.spec]
  ignore line: [rename spec lib to liborig]
  ignore line: [COLLECT_GCC_OPTIONS='-v' '-o' 'cmTryCompileExec3069655265' '-rdynamic' '-shared-libgcc' '-mtune=generic' '-march=x86-64']
  ignore line: [COMPILER_PATH=/usr/lib/gcc/x86_64-linux-gnu/4.8/:/usr/lib/gcc/x86_64-linux-gnu/4.8/:/usr/lib/gcc/x86_64-linux-gnu/:/usr/lib/gcc/x86_64-linux-gnu/4.8/:/usr/lib/gcc/x86_64-linux-gnu/]
  ignore line: [LIBRARY_PATH=/usr/lib/gcc/x86_64-linux-gnu/4.8/:/usr/lib/gcc/x86_64-linux-gnu/4.8/../../../x86_64-linux-gnu/:/usr/lib/gcc/x86_64-linux-gnu/4.8/../../../../lib/:/lib/x86_64-linux-gnu/:/lib/../lib/:/usr/lib/x86_64-linux-gnu/:/usr/lib/../lib/:/usr/lib/gcc/x86_64-linux-gnu/4.8/../../../:/lib/:/usr/lib/]
  ignore line: [COLLECT_GCC_OPTIONS='-v' '-o' 'cmTryCompileExec3069655265' '-rdynamic' '-shared-libgcc' '-mtune=generic' '-march=x86-64']
  link line: [ /usr/lib/gcc/x86_64-linux-gnu/4.8/collect2 --sysroot=/ --build-id --eh-frame-hdr -m elf_x86_64 --hash-style=gnu --as-needed -export-dynamic -dynamic-linker /lib64/ld-linux-x86-64.so.2 -z relro -o cmTryCompileExec3069655265 /usr/lib/gcc/x86_64-linux-gnu/4.8/../../../x86_64-linux-gnu/crt1.o /usr/lib/gcc/x86_64-linux-gnu/4.8/../../../x86_64-linux-gnu/crti.o /usr/lib/gcc/x86_64-linux-gnu/4.8/crtbegin.o -L/usr/lib/gcc/x86_64-linux-gnu/4.8 -L/usr/lib/gcc/x86_64-linux-gnu/4.8/../../../x86_64-linux-gnu -L/usr/lib/gcc/x86_64-linux-gnu/4.8/../../../../lib -L/lib/x86_64-linux-gnu -L/lib/../lib -L/usr/lib/x86_64-linux-gnu -L/usr/lib/../lib -L/usr/lib/gcc/x86_64-linux-gnu/4.8/../../.. CMakeFiles/cmTryCompileExec3069655265.dir/CMakeFortranCompilerABI.F.o -lgfortran -lm -lgcc_s -lgcc -lquadmath -lm -lgcc_s -lgcc -lc -lgcc_s -lgcc /usr/lib/gcc/x86_64-linux-gnu/4.8/crtend.o /usr/lib/gcc/x86_64-linux-gnu/4.8/../../../x86_64-linux-gnu/crtn.o]
    arg [/usr/lib/gcc/x86_64-linux-gnu/4.8/collect2] ==> ignore
    arg [--sysroot=/] ==> ignore
    arg [--build-id] ==> ignore
    arg [--eh-frame-hdr] ==> ignore
    arg [-m] ==> ignore
    arg [elf_x86_64] ==> ignore
    arg [--hash-style=gnu] ==> ignore
    arg [--as-needed] ==> ignore
    arg [-export-dynamic] ==> ignore
    arg [-dynamic-linker] ==> ignore
    arg [/lib64/ld-linux-x86-64.so.2] ==> ignore
    arg [-zrelro] ==> ignore
    arg [-o] ==> ignore
    arg [cmTryCompileExec3069655265] ==> ignore
    arg [/usr/lib/gcc/x86_64-linux-gnu/4.8/../../../x86_64-linux-gnu/crt1.o] ==> ignore
    arg [/usr/lib/gcc/x86_64-linux-gnu/4.8/../../../x86_64-linux-gnu/crti.o] ==> ignore
    arg [/usr/lib/gcc/x86_64-linux-gnu/4.8/crtbegin.o] ==> ignore
    arg [-L/usr/lib/gcc/x86_64-linux-gnu/4.8] ==> dir [/usr/lib/gcc/x86_64-linux-gnu/4.8]
    arg [-L/usr/lib/gcc/x86_64-linux-gnu/4.8/../../../x86_64-linux-gnu] ==> dir [/usr/lib/gcc/x86_64-linux-gnu/4.8/../../../x86_64-linux-gnu]
    arg [-L/usr/lib/gcc/x86_64-linux-gnu/4.8/../../../../lib] ==> dir [/usr/lib/gcc/x86_64-linux-gnu/4.8/../../../../lib]
    arg [-L/lib/x86_64-linux-gnu] ==> dir [/lib/x86_64-linux-gnu]
    arg [-L/lib/../lib] ==> dir [/lib/../lib]
    arg [-L/usr/lib/x86_64-linux-gnu] ==> dir [/usr/lib/x86_64-linux-gnu]
    arg [-L/usr/lib/../lib] ==> dir [/usr/lib/../lib]
    arg [-L/usr/lib/gcc/x86_64-linux-gnu/4.8/../../..] ==> dir [/usr/lib/gcc/x86_64-linux-gnu/4.8/../../..]
    arg [CMakeFiles/cmTryCompileExec3069655265.dir/CMakeFortranCompilerABI.F.o] ==> ignore
    arg [-lgfortran] ==> lib [gfortran]
    arg [-lm] ==> lib [m]
    arg [-lgcc_s] ==> lib [gcc_s]
    arg [-lgcc] ==> lib [gcc]
    arg [-lquadmath] ==> lib [quadmath]
    arg [-lm] ==> lib [m]
    arg [-lgcc_s] ==> lib [gcc_s]
    arg [-lgcc] ==> lib [gcc]
    arg [-lc] ==> lib [c]
    arg [-lgcc_s] ==> lib [gcc_s]
    arg [-lgcc] ==> lib [gcc]
    arg [/usr/lib/gcc/x86_64-linux-gnu/4.8/crtend.o] ==> ignore
    arg [/usr/lib/gcc/x86_64-linux-gnu/4.8/../../../x86_64-linux-gnu/crtn.o] ==> ignore
  remove lib [gcc_s]
  remove lib [gcc]
  remove lib [gcc_s]
  remove lib [gcc]
  remove lib [gcc_s]
  remove lib [gcc]
  collapse library dir [/usr/lib/gcc/x86_64-linux-gnu/4.8] ==> [/usr/lib/gcc/x86_64-linux-gnu/4.8]
  collapse library dir [/usr/lib/gcc/x86_64-linux-gnu/4.8/../../../x86_64-linux-gnu] ==> [/usr/lib/x86_64-linux-gnu]
  collapse library dir [/usr/lib/gcc/x86_64-linux-gnu/4.8/../../../../lib] ==> [/usr/lib]
  collapse library dir [/lib/x86_64-linux-gnu] ==> [/lib/x86_64-linux-gnu]
  collapse library dir [/lib/../lib] ==> [/lib]
  collapse library dir [/usr/lib/x86_64-linux-gnu] ==> [/usr/lib/x86_64-linux-gnu]
  collapse library dir [/usr/lib/../lib] ==> [/usr/lib]
  collapse library dir [/usr/lib/gcc/x86_64-linux-gnu/4.8/../../..] ==> [/usr/lib]
  implicit libs: [gfortran;m;quadmath;m;c]
  implicit dirs: [/usr/lib/gcc/x86_64-linux-gnu/4.8;/usr/lib/x86_64-linux-gnu;/usr/lib;/lib/x86_64-linux-gnu;/lib]
  implicit fwks: []


Determining if the Fortran compiler supports Fortran 90 passed with the following output:
Change Dir: /home/cmeon/SimplexLP/lib/CMakeFiles/CMakeTmp

Run Build Command:/usr/bin/make "cmTryCompileExec1852264322/fast"
/usr/bin/make -f CMakeFiles/cmTryCompileExec1852264322.dir/build.make CMakeFiles/cmTryCompileExec1852264322.dir/build
make[1]: Entering directory `/home/cmeon/SimplexLP/lib/CMakeFiles/CMakeTmp'
/usr/bin/cmake -E cmake_progress_report /home/cmeon/SimplexLP/lib/CMakeFiles/CMakeTmp/CMakeFiles 1
Building Fortran object CMakeFiles/cmTryCompileExec1852264322.dir/testFortranCompilerF90.f90.o
/usr/bin/gfortran    -c /home/cmeon/SimplexLP/lib/CMakeFiles/CMakeTmp/testFortranCompilerF90.f90 -o CMakeFiles/cmTryCompileExec1852264322.dir/testFortranCompilerF90.f90.o
Linking Fortran executable cmTryCompileExec1852264322
/usr/bin/cmake -E cmake_link_script CMakeFiles/cmTryCompileExec1852264322.dir/link.txt --verbose=1
/usr/bin/gfortran       CMakeFiles/cmTryCompileExec1852264322.dir/testFortranCompilerF90.f90.o  -o cmTryCompileExec1852264322 -rdynamic 
make[1]: Leaving directory `/home/cmeon/SimplexLP/lib/CMakeFiles/CMakeTmp'


